# JRE version: OpenJDK Runtime Environment Temurin-21.0.8+9 (21.0.8+9) (build 21.0.8+9-LTS)
# Java VM: OpenJDK 64-Bit Server VM Temurin-21.0.8+9 (21.0.8+9-LTS, mixed mode, sharing, tiered, compressed oops, compressed class ptrs, g1 gc, windows-amd64)
GC Precious Log:
 CardTable entry size: 512
 Card Set container configuration: InlinePtr #cards 5 size 8 Array Of Cards #cards 12 size 40 Howl #buckets 4 coarsen threshold 1843 Howl Bitmap #cards 512 size 80 coarsen threshold 460 Card regions per heap region 1 cards per card region 2048
 CPUs: 4 total, 4 available
 Memory: 8091M
 Large Page Support: Disabled
 NUMA Support: Disabled
 Compressed Oops: Enabled (32-bit)
 Heap Region Size: 1M
 Heap Min Capacity: 8M
 Heap Initial Capacity: 128M
 Heap Max Capacity: 2024M
 Pre-touch: Disabled
 Parallel Workers: 4
 Concurrent Workers: 1
 Concurrent Refinement Workers: 4
 Periodic GC: Disabled
Heap:
 garbage-first heap   total 58368K, used 40992K [0x0000000081800000, 0x0000000100000000)
  region size 1024K, 10 young (10240K), 2 survivors (2048K)
 Metaspace       used 68258K, committed 68928K, reserved 1114112K
  class space    used 9306K, committed 9600K, reserved 1048576K
GC Heap History (20 events):
Event: 4.200 GC heap before
{Heap before GC invocations=7 (full 0):
 garbage-first heap   total 48128K, used 38018K [0x0000000081800000, 0x0000000100000000)
  region size 1024K, 22 young (22528K), 2 survivors (2048K)
 Metaspace       used 29555K, committed 30016K, reserved 1114112K
  class space    used 3714K, committed 3904K, reserved 1048576K
}
Event: 4.204 GC heap after
{Heap after GC invocations=8 (full 0):
 garbage-first heap   total 58368K, used 19064K [0x0000000081800000, 0x0000000100000000)
  region size 1024K, 3 young (3072K), 3 survivors (3072K)
 Metaspace       used 29555K, committed 30016K, reserved 1114112K
  class space    used 3714K, committed 3904K, reserved 1048576K
}
Event: 5.115 GC heap before
{Heap before GC invocations=8 (full 0):
 garbage-first heap   total 58368K, used 46712K [0x0000000081800000, 0x0000000100000000)
  region size 1024K, 31 young (31744K), 3 survivors (3072K)
 Metaspace       used 34095K, committed 34624K, reserved 1114112K
  class space    used 4377K, committed 4608K, reserved 1048576K
}
Event: 5.123 GC heap after
{Heap after GC invocations=9 (full 0):
 garbage-first heap   total 58368K, used 21660K [0x0000000081800000, 0x0000000100000000)
  region size 1024K, 4 young (4096K), 4 survivors (4096K)
 Metaspace       used 34095K, committed 34624K, reserved 1114112K
  class space    used 4377K, committed 4608K, reserved 1048576K
}
Event: 5.506 GC heap before
{Heap before GC invocations=9 (full 0):
 garbage-first heap   total 58368K, used 33948K [0x0000000081800000, 0x0000000100000000)
  region size 1024K, 17 young (17408K), 4 survivors (4096K)
 Metaspace       used 35494K, committed 35968K, reserved 1114112K
  class space    used 4579K, committed 4800K, reserved 1048576K
}
Event: 5.513 GC heap after
{Heap after GC invocations=10 (full 0):
 garbage-first heap   total 58368K, used 22892K [0x0000000081800000, 0x0000000100000000)
  region size 1024K, 1 young (1024K), 1 survivors (1024K)
 Metaspace       used 35494K, committed 35968K, reserved 1114112K
  class space    used 4579K, committed 4800K, reserved 1048576K
}
Event: 6.495 GC heap before
{Heap before GC invocations=11 (full 0):
 garbage-first heap   total 58368K, used 49516K [0x0000000081800000, 0x0000000100000000)
  region size 1024K, 27 young (27648K), 1 survivors (1024K)
 Metaspace       used 43434K, committed 43968K, reserved 1114112K
  class space    used 5688K, committed 5952K, reserved 1048576K
}
Event: 6.499 GC heap after
{Heap after GC invocations=12 (full 0):
 garbage-first heap   total 58368K, used 24709K [0x0000000081800000, 0x0000000100000000)
  region size 1024K, 3 young (3072K), 3 survivors (3072K)
 Metaspace       used 43434K, committed 43968K, reserved 1114112K
  class space    used 5688K, committed 5952K, reserved 1048576K
}
Event: 7.323 GC heap before
{Heap before GC invocations=12 (full 0):
 garbage-first heap   total 58368K, used 48261K [0x0000000081800000, 0x0000000100000000)
  region size 1024K, 27 young (27648K), 3 survivors (3072K)
 Metaspace       used 49411K, committed 49984K, reserved 1114112K
  class space    used 6482K, committed 6720K, reserved 1048576K
}
Event: 7.330 GC heap after
{Heap after GC invocations=13 (full 0):
 garbage-first heap   total 58368K, used 26624K [0x0000000081800000, 0x0000000100000000)
  region size 1024K, 4 young (4096K), 4 survivors (4096K)
 Metaspace       used 49411K, committed 49984K, reserved 1114112K
  class space    used 6482K, committed 6720K, reserved 1048576K
}
Event: 8.002 GC heap before
{Heap before GC invocations=13 (full 0):
 garbage-first heap   total 58368K, used 49152K [0x0000000081800000, 0x0000000100000000)
  region size 1024K, 27 young (27648K), 4 survivors (4096K)
 Metaspace       used 56768K, committed 57280K, reserved 1114112K
  class space    used 7664K, committed 7872K, reserved 1048576K
}
Event: 8.008 GC heap after
{Heap after GC invocations=14 (full 0):
 garbage-first heap   total 58368K, used 27989K [0x0000000081800000, 0x0000000100000000)
  region size 1024K, 4 young (4096K), 4 survivors (4096K)
 Metaspace       used 56768K, committed 57280K, reserved 1114112K
  class space    used 7664K, committed 7872K, reserved 1048576K
}
Event: 8.366 GC heap before
{Heap before GC invocations=14 (full 0):
 garbage-first heap   total 58368K, used 41301K [0x0000000081800000, 0x0000000100000000)
  region size 1024K, 18 young (18432K), 4 survivors (4096K)
 Metaspace       used 59928K, committed 60480K, reserved 1114112K
  class space    used 8130K, committed 8384K, reserved 1048576K
}
Event: 8.371 GC heap after
{Heap after GC invocations=15 (full 0):
 garbage-first heap   total 58368K, used 28756K [0x0000000081800000, 0x0000000100000000)
  region size 1024K, 2 young (2048K), 2 survivors (2048K)
 Metaspace       used 59928K, committed 60480K, reserved 1114112K
  class space    used 8130K, committed 8384K, reserved 1048576K
}
Event: 9.126 GC heap before
{Heap before GC invocations=16 (full 0):
 garbage-first heap   total 58368K, used 51284K [0x0000000081800000, 0x0000000100000000)
  region size 1024K, 24 young (24576K), 2 survivors (2048K)
 Metaspace       used 64360K, committed 65088K, reserved 1114112K
  class space    used 8749K, committed 9088K, reserved 1048576K
}
Event: 9.134 GC heap after
{Heap after GC invocations=17 (full 0):
 garbage-first heap   total 58368K, used 30465K [0x0000000081800000, 0x0000000100000000)
  region size 1024K, 3 young (3072K), 3 survivors (3072K)
 Metaspace       used 64360K, committed 65088K, reserved 1114112K
  class space    used 8749K, committed 9088K, reserved 1048576K
}
Event: 9.588 GC heap before
{Heap before GC invocations=17 (full 0):
 garbage-first heap   total 58368K, used 49921K [0x0000000081800000, 0x0000000100000000)
  region size 1024K, 22 young (22528K), 3 survivors (3072K)
 Metaspace       used 65674K, committed 66304K, reserved 1114112K
  class space    used 8920K, committed 9216K, reserved 1048576K
}
Event: 9.597 GC heap after
{Heap after GC invocations=18 (full 0):
 garbage-first heap   total 58368K, used 32045K [0x0000000081800000, 0x0000000100000000)
  region size 1024K, 2 young (2048K), 2 survivors (2048K)
 Metaspace       used 65674K, committed 66304K, reserved 1114112K
  class space    used 8920K, committed 9216K, reserved 1048576K
}
Event: 10.203 GC heap before
{Heap before GC invocations=18 (full 0):
 garbage-first heap   total 58368K, used 51501K [0x0000000081800000, 0x0000000100000000)
  region size 1024K, 21 young (21504K), 2 survivors (2048K)
 Metaspace       used 67787K, committed 68480K, reserved 1114112K
  class space    used 9219K, committed 9536K, reserved 1048576K
}
Event: 10.209 GC heap after
{Heap after GC invocations=19 (full 0):
 garbage-first heap   total 58368K, used 33824K [0x0000000081800000, 0x0000000100000000)
  region size 1024K, 2 young (2048K), 2 survivors (2048K)
 Metaspace       used 67787K, committed 68480K, reserved 1114112K
  class space    used 9219K, committed 9536K, reserved 1048576K
}

